.\Release\lua514.bsc
D:\SRC\PC\CHROMATIC\LIBS\LUA514.LIB
D:\Src\Pc\chromatic\Src\Script_Engine\lua514\Release\BscMake.command.1.tlog
D:\Src\Pc\chromatic\Src\Script_Engine\lua514\Release\bscmake.read.1.tlog
D:\Src\Pc\chromatic\Src\Script_Engine\lua514\Release\bscmake.write.1.tlog
D:\Src\Pc\chromatic\Src\Script_Engine\lua514\Release\cl.command.1.tlog
D:\Src\Pc\chromatic\Src\Script_Engine\lua514\Release\CL.read.1.tlog
D:\Src\Pc\chromatic\Src\Script_Engine\lua514\Release\CL.write.1.tlog
D:\SRC\PC\CHROMATIC\SRC\SCRIPT_ENGINE\LUA514\RELEASE\LAPI.OBJ
D:\SRC\PC\CHROMATIC\SRC\SCRIPT_ENGINE\LUA514\RELEASE\LAPI.SBR
D:\SRC\PC\CHROMATIC\SRC\SCRIPT_ENGINE\LUA514\RELEASE\LAUXLIB.OBJ
D:\SRC\PC\CHROMATIC\SRC\SCRIPT_ENGINE\LUA514\RELEASE\LAUXLIB.SBR
D:\SRC\PC\CHROMATIC\SRC\SCRIPT_ENGINE\LUA514\RELEASE\LBASELIB.OBJ
D:\SRC\PC\CHROMATIC\SRC\SCRIPT_ENGINE\LUA514\RELEASE\LBASELIB.SBR
D:\SRC\PC\CHROMATIC\SRC\SCRIPT_ENGINE\LUA514\RELEASE\LCODE.OBJ
D:\SRC\PC\CHROMATIC\SRC\SCRIPT_ENGINE\LUA514\RELEASE\LCODE.SBR
D:\SRC\PC\CHROMATIC\SRC\SCRIPT_ENGINE\LUA514\RELEASE\LDBLIB.OBJ
D:\SRC\PC\CHROMATIC\SRC\SCRIPT_ENGINE\LUA514\RELEASE\LDBLIB.SBR
D:\SRC\PC\CHROMATIC\SRC\SCRIPT_ENGINE\LUA514\RELEASE\LDEBUG.OBJ
D:\SRC\PC\CHROMATIC\SRC\SCRIPT_ENGINE\LUA514\RELEASE\LDEBUG.SBR
D:\SRC\PC\CHROMATIC\SRC\SCRIPT_ENGINE\LUA514\RELEASE\LDO.OBJ
D:\SRC\PC\CHROMATIC\SRC\SCRIPT_ENGINE\LUA514\RELEASE\LDO.SBR
D:\SRC\PC\CHROMATIC\SRC\SCRIPT_ENGINE\LUA514\RELEASE\LDUMP.OBJ
D:\SRC\PC\CHROMATIC\SRC\SCRIPT_ENGINE\LUA514\RELEASE\LDUMP.SBR
D:\SRC\PC\CHROMATIC\SRC\SCRIPT_ENGINE\LUA514\RELEASE\LFUNC.OBJ
D:\SRC\PC\CHROMATIC\SRC\SCRIPT_ENGINE\LUA514\RELEASE\LFUNC.SBR
D:\SRC\PC\CHROMATIC\SRC\SCRIPT_ENGINE\LUA514\RELEASE\LGC.OBJ
D:\SRC\PC\CHROMATIC\SRC\SCRIPT_ENGINE\LUA514\RELEASE\LGC.SBR
D:\Src\Pc\chromatic\Src\Script_Engine\lua514\Release\lib.command.1.tlog
D:\Src\Pc\chromatic\Src\Script_Engine\lua514\Release\Lib-link.read.1.tlog
D:\Src\Pc\chromatic\Src\Script_Engine\lua514\Release\Lib-link.write.1.tlog
D:\SRC\PC\CHROMATIC\SRC\SCRIPT_ENGINE\LUA514\RELEASE\LINIT.OBJ
D:\SRC\PC\CHROMATIC\SRC\SCRIPT_ENGINE\LUA514\RELEASE\LINIT.SBR
D:\SRC\PC\CHROMATIC\SRC\SCRIPT_ENGINE\LUA514\RELEASE\LIOLIB.OBJ
D:\SRC\PC\CHROMATIC\SRC\SCRIPT_ENGINE\LUA514\RELEASE\LIOLIB.SBR
D:\SRC\PC\CHROMATIC\SRC\SCRIPT_ENGINE\LUA514\RELEASE\LLEX.OBJ
D:\SRC\PC\CHROMATIC\SRC\SCRIPT_ENGINE\LUA514\RELEASE\LLEX.SBR
D:\SRC\PC\CHROMATIC\SRC\SCRIPT_ENGINE\LUA514\RELEASE\LMATHLIB.OBJ
D:\SRC\PC\CHROMATIC\SRC\SCRIPT_ENGINE\LUA514\RELEASE\LMATHLIB.SBR
D:\SRC\PC\CHROMATIC\SRC\SCRIPT_ENGINE\LUA514\RELEASE\LMEM.OBJ
D:\SRC\PC\CHROMATIC\SRC\SCRIPT_ENGINE\LUA514\RELEASE\LMEM.SBR
D:\SRC\PC\CHROMATIC\SRC\SCRIPT_ENGINE\LUA514\RELEASE\LOADLIB.OBJ
D:\SRC\PC\CHROMATIC\SRC\SCRIPT_ENGINE\LUA514\RELEASE\LOADLIB.SBR
D:\SRC\PC\CHROMATIC\SRC\SCRIPT_ENGINE\LUA514\RELEASE\LOBJECT.OBJ
D:\SRC\PC\CHROMATIC\SRC\SCRIPT_ENGINE\LUA514\RELEASE\LOBJECT.SBR
D:\SRC\PC\CHROMATIC\SRC\SCRIPT_ENGINE\LUA514\RELEASE\LOPCODES.OBJ
D:\SRC\PC\CHROMATIC\SRC\SCRIPT_ENGINE\LUA514\RELEASE\LOPCODES.SBR
D:\SRC\PC\CHROMATIC\SRC\SCRIPT_ENGINE\LUA514\RELEASE\LOSLIB.OBJ
D:\SRC\PC\CHROMATIC\SRC\SCRIPT_ENGINE\LUA514\RELEASE\LOSLIB.SBR
D:\SRC\PC\CHROMATIC\SRC\SCRIPT_ENGINE\LUA514\RELEASE\LPARSER.OBJ
D:\SRC\PC\CHROMATIC\SRC\SCRIPT_ENGINE\LUA514\RELEASE\LPARSER.SBR
D:\SRC\PC\CHROMATIC\SRC\SCRIPT_ENGINE\LUA514\RELEASE\LSTATE.OBJ
D:\SRC\PC\CHROMATIC\SRC\SCRIPT_ENGINE\LUA514\RELEASE\LSTATE.SBR
D:\SRC\PC\CHROMATIC\SRC\SCRIPT_ENGINE\LUA514\RELEASE\LSTRING.OBJ
D:\SRC\PC\CHROMATIC\SRC\SCRIPT_ENGINE\LUA514\RELEASE\LSTRING.SBR
D:\SRC\PC\CHROMATIC\SRC\SCRIPT_ENGINE\LUA514\RELEASE\LSTRLIB.OBJ
D:\SRC\PC\CHROMATIC\SRC\SCRIPT_ENGINE\LUA514\RELEASE\LSTRLIB.SBR
D:\SRC\PC\CHROMATIC\SRC\SCRIPT_ENGINE\LUA514\RELEASE\LTABLE.OBJ
D:\SRC\PC\CHROMATIC\SRC\SCRIPT_ENGINE\LUA514\RELEASE\LTABLE.SBR
D:\SRC\PC\CHROMATIC\SRC\SCRIPT_ENGINE\LUA514\RELEASE\LTABLIB.OBJ
D:\SRC\PC\CHROMATIC\SRC\SCRIPT_ENGINE\LUA514\RELEASE\LTABLIB.SBR
D:\SRC\PC\CHROMATIC\SRC\SCRIPT_ENGINE\LUA514\RELEASE\LTM.OBJ
D:\SRC\PC\CHROMATIC\SRC\SCRIPT_ENGINE\LUA514\RELEASE\LTM.SBR
D:\SRC\PC\CHROMATIC\SRC\SCRIPT_ENGINE\LUA514\RELEASE\LUA514.BSC
D:\SRC\PC\CHROMATIC\SRC\SCRIPT_ENGINE\LUA514\RELEASE\LUNDUMP.OBJ
D:\SRC\PC\CHROMATIC\SRC\SCRIPT_ENGINE\LUA514\RELEASE\LUNDUMP.SBR
D:\SRC\PC\CHROMATIC\SRC\SCRIPT_ENGINE\LUA514\RELEASE\LVM.OBJ
D:\SRC\PC\CHROMATIC\SRC\SCRIPT_ENGINE\LUA514\RELEASE\LVM.SBR
D:\SRC\PC\CHROMATIC\SRC\SCRIPT_ENGINE\LUA514\RELEASE\LZIO.OBJ
D:\SRC\PC\CHROMATIC\SRC\SCRIPT_ENGINE\LUA514\RELEASE\LZIO.SBR
D:\SRC\PC\CHROMATIC\SRC\SCRIPT_ENGINE\LUA514\RELEASE\PRINT.OBJ
D:\SRC\PC\CHROMATIC\SRC\SCRIPT_ENGINE\LUA514\RELEASE\PRINT.SBR
D:\SRC\PC\CHROMATIC\SRC\SCRIPT_ENGINE\LUA514\RELEASE\VC100.PDB
